<?xml version="1.0" encoding="UTF-8"?>
<testsuite xmlns:xsi="http://www.w3.org/2001/XMLSchema-instance" xsi:noNamespaceSchemaLocation="https://maven.apache.org/surefire/maven-surefire-plugin/xsd/surefire-test-report.xsd" version="3.0.2" name="edu.dosw.lab.Laboratorio_2_CVDS_DOSW_01v.Laboratorio2CvdsDosw01vApplicationTests" time="3.492" tests="1" errors="0" skipped="0" failures="0">
  <properties>
[...]
</properties>
  <testcase name="contextLoads" classname="edu.dosw.lab.Laboratorio_2_CVDS_DOSW_01v.Laboratorio2CvdsDosw01vApplicationTests" time="1.606">
    <system-out><![CDATA[14:19:30.287 [main] INFO org.springframework.test.context.support.AnnotationConfigContextLoaderUtils -- Could not detect default configuration classes for test class [edu.dosw.lab.Laboratorio_2_CVDS_DOSW_01v.Laboratorio2CvdsDosw01vApplicationTests]: Laboratorio2CvdsDosw01vApplicationTests does not declare any static, non-private, non-final, nested classes annotated with @Configuration.
14:19:30.462 [main] INFO org.springframework.boot.test.context.SpringBootTestContextBootstrapper -- Found @SpringBootConfiguration edu.dosw.lab.Laboratorio_2_CVDS_DOSW_01v.Laboratorio2CvdsDosw01vApplication for test class edu.dosw.lab.Laboratorio_2_CVDS_DOSW_01v.Laboratorio2CvdsDosw01vApplicationTests

  .   ____          _            __ _ _
 /\\ / ___'_ __ _ _(_)_ __  __ _ \ \ \ \
( ( )\___ | '_ | '_| | '_ \/ _` | \ \ \ \
 \\/  ___)| |_)| | | | | || (_| |  ) ) ) )
  '  |____| .__|_| |_|_| |_\__, | / / / /
 =========|_|==============|___/=/_/_/_/

 :: Spring Boot ::       (v4.0.0-SNAPSHOT)

2025-08-22T14:19:31.210-05:00  INFO 29216 --- [Laboratorio-2-CVDS-DOSW-01v] [           main] .Laboratorio2CvdsDosw01vApplicationTests : Starting Laboratorio2CvdsDosw01vApplicationTests using Java 23 with PID 29216 (started by DELL in C:\Users\DELL\Documents\ciclos\Laboratorio-2-CVDS-DOSW-01)
2025-08-22T14:19:31.213-05:00  INFO 29216 --- [Laboratorio-2-CVDS-DOSW-01v] [           main] .Laboratorio2CvdsDosw01vApplicationTests : No active profile set, falling back to 1 default profile: "default"
2025-08-22T14:19:31.843-05:00  INFO 29216 --- [Laboratorio-2-CVDS-DOSW-01v] [           main] .Laboratorio2CvdsDosw01vApplicationTests : Started Laboratorio2CvdsDosw01vApplicationTests in 1.123 seconds (process running for 2.805)
]]></system-out>
    <system-err><![CDATA[Mockito is currently self-attaching to enable the inline-mock-maker. This will no longer work in future releases of the JDK. Please add Mockito as an agent to your build as described in Mockito's documentation: https://javadoc.io/doc/org.mockito/mockito-core/latest/org.mockito/org/mockito/Mockito.html#0.3
WARNING: A Java agent has been loaded dynamically (C:\Users\DELL\.m2\repository\net\bytebuddy\byte-buddy-agent\1.17.7\byte-buddy-agent-1.17.7.jar)
WARNING: If a serviceability tool is in use, please run with -XX:+EnableDynamicAgentLoading to hide this warning
WARNING: If a serviceability tool is not in use, please run with -Djdk.instrument.traceUsage for more information
WARNING: Dynamic loading of agents will be disallowed by default in a future release
]]></system-err>
  </testcase>
</testsuite>